build/outputs/logs/manifest-merger-debug-report.txt
-- Merging decision tree log ---
manifest
ADDED from Self/SnowBoyLyon/AndroidManifest.xml:2:1-21:12
	package
		ADDED from Self/SnowBoyLyon/AndroidManifest.xml:5:5-35
	android:versionName
		ADDED from Self/SnowBoyLyon/AndroidManifest.xml:4:7-32
		INJECTED from Self/SnowBoyLyon/AndroidManifest.xml
		INJECTED from Self/SnowBoyLyon/AndroidManifest.xml
	android:versionCode
		ADDED from Self/SnowBoyLyon/AndroidManifest.xml:3:7-30
		INJECTED from Self/SnowBoyLyon/AndroidManifest.xml
		INJECTED from Self/SnowBoyLyon/AndroidManifest.xml
	xmlns:android
		ADDED from Self/SnowBoyLyon/AndroidManifest.xml:2:11-69
application
ADDED from Self/SnowBoyLyon/AndroidManifest.xml:6:5-15:19
	android:label
		ADDED from Self/SnowBoyLyon/AndroidManifest.xml:6:18-50
	android:icon
		ADDED from Self/SnowBoyLyon/AndroidManifest.xml:6:51-85
activity#ai.kitt.snowboy.Demo
ADDED from Self/SnowBoyLyon/AndroidManifest.xml:7:9-14:20
	android:label
		ADDED from Self/SnowBoyLyon/AndroidManifest.xml:9:19-51
	android:windowSoftInputMode
		ADDED from Self/SnowBoyLyon/AndroidManifest.xml:8:16-57
	android:name
		ADDED from Self/SnowBoyLyon/AndroidManifest.xml:7:19-54
intent-filter#android.intent.action.MAIN+android.intent.category.LAUNCHER
ADDED from Self/SnowBoyLyon/AndroidManifest.xml:10:13-13:29
action#android.intent.action.MAIN
ADDED from Self/SnowBoyLyon/AndroidManifest.xml:11:17-69
	android:name
		ADDED from Self/SnowBoyLyon/AndroidManifest.xml:11:25-66
category#android.intent.category.LAUNCHER
ADDED from Self/SnowBoyLyon/AndroidManifest.xml:12:17-77
	android:name
		ADDED from Self/SnowBoyLyon/AndroidManifest.xml:12:27-74
uses-sdk
ADDED from Self/SnowBoyLyon/AndroidManifest.xml:16:5-43
	android:minSdkVersion
		ADDED from Self/SnowBoyLyon/AndroidManifest.xml:16:15-40
uses-permission#android.permission.ACCESS_WIFI_STATE
ADDED from Self/SnowBoyLyon/AndroidManifest.xml:17:1-88
	android:name
		ADDED from Self/SnowBoyLyon/AndroidManifest.xml:17:18-69
uses-permission#android.permission.RECORD_AUDIO
ADDED from Self/SnowBoyLyon/AndroidManifest.xml:18:1-83
	android:name
		ADDED from Self/SnowBoyLyon/AndroidManifest.xml:18:18-64
uses-permission#android.permission.INTERNET
ADDED from Self/SnowBoyLyon/AndroidManifest.xml:19:1-79
	android:name
		ADDED from Self/SnowBoyLyon/AndroidManifest.xml:19:18-60
uses-permission#android.permission.WRITE_EXTERNAL_STORAGE
ADDED from Self/SnowBoyLyon/AndroidManifest.xml:20:1-76
	android:name
		ADDED from Self/SnowBoyLyon/AndroidManifest.xml:20:18-74